# JRE version: Java(TM) SE Runtime Environment (11.0.6+8) (build 11.0.6+8-LTS)
# Java VM: Java HotSpot(TM) 64-Bit Server VM (11.0.6+8-LTS, mixed mode, tiered, compressed oops, g1 gc, windows-amd64)
Heap:
 garbage-first heap   total 260096K, used 15508K [0x00000000e0000000, 0x0000000100000000)
  region size 1024K, 9 young (9216K), 5 survivors (5120K)
 Metaspace       used 35002K, capacity 36036K, committed 36224K, reserved 1081344K
  class space    used 4551K, capacity 4965K, committed 4992K, reserved 1048576K
GC Heap History (10 events):
Event: 0.751 GC heap before
{Heap before GC invocations=0 (full 0):
 garbage-first heap   total 260096K, used 24576K [0x00000000e0000000, 0x0000000100000000)
  region size 1024K, 24 young (24576K), 0 survivors (0K)
 Metaspace       used 13500K, capacity 13786K, committed 13824K, reserved 1060864K
  class space    used 1427K, capacity 1523K, committed 1536K, reserved 1048576K
}
Event: 0.763 GC heap after
{Heap after GC invocations=1 (full 0):
 garbage-first heap   total 260096K, used 8358K [0x00000000e0000000, 0x0000000100000000)
  region size 1024K, 3 young (3072K), 3 survivors (3072K)
 Metaspace       used 13500K, capacity 13786K, committed 13824K, reserved 1060864K
  class space    used 1427K, capacity 1523K, committed 1536K, reserved 1048576K
}
Event: 0.955 GC heap before
{Heap before GC invocations=1 (full 0):
 garbage-first heap   total 260096K, used 23718K [0x00000000e0000000, 0x0000000100000000)
  region size 1024K, 18 young (18432K), 3 survivors (3072K)
 Metaspace       used 16304K, capacity 16828K, committed 16896K, reserved 1064960K
  class space    used 1827K, capacity 2006K, committed 2048K, reserved 1048576K
}
Event: 0.957 GC heap after
{Heap after GC invocations=2 (full 0):
 garbage-first heap   total 260096K, used 9019K [0x00000000e0000000, 0x0000000100000000)
  region size 1024K, 1 young (1024K), 1 survivors (1024K)
 Metaspace       used 16304K, capacity 16828K, committed 16896K, reserved 1064960K
  class space    used 1827K, capacity 2006K, committed 2048K, reserved 1048576K
}
Event: 1.196 GC heap before
{Heap before GC invocations=2 (full 0):
 garbage-first heap   total 260096K, used 32571K [0x00000000e0000000, 0x0000000100000000)
  region size 1024K, 25 young (25600K), 1 survivors (1024K)
 Metaspace       used 20427K, capacity 20997K, committed 21248K, reserved 1069056K
  class space    used 2328K, capacity 2547K, committed 2560K, reserved 1048576K
}
Event: 1.199 GC heap after
{Heap after GC invocations=3 (full 0):
 garbage-first heap   total 260096K, used 9932K [0x00000000e0000000, 0x0000000100000000)
  region size 1024K, 2 young (2048K), 2 survivors (2048K)
 Metaspace       used 20427K, capacity 20997K, committed 21248K, reserved 1069056K
  class space    used 2328K, capacity 2547K, committed 2560K, reserved 1048576K
}
Event: 1.661 GC heap before
{Heap before GC invocations=4 (full 0):
 garbage-first heap   total 260096K, used 74444K [0x00000000e0000000, 0x0000000100000000)
  region size 1024K, 66 young (67584K), 2 survivors (2048K)
 Metaspace       used 30448K, capacity 31418K, committed 31488K, reserved 1077248K
  class space    used 3680K, capacity 4047K, committed 4096K, reserved 1048576K
}
Event: 1.664 GC heap after
{Heap after GC invocations=5 (full 0):
 garbage-first heap   total 260096K, used 11708K [0x00000000e0000000, 0x0000000100000000)
  region size 1024K, 4 young (4096K), 4 survivors (4096K)
 Metaspace       used 30448K, capacity 31418K, committed 31488K, reserved 1077248K
  class space    used 3680K, capacity 4047K, committed 4096K, reserved 1048576K
}
Event: 2.024 GC heap before
{Heap before GC invocations=5 (full 0):
 garbage-first heap   total 260096K, used 47548K [0x00000000e0000000, 0x0000000100000000)
  region size 1024K, 40 young (40960K), 4 survivors (4096K)
 Metaspace       used 34604K, capacity 35546K, committed 35584K, reserved 1079296K
  class space    used 4468K, capacity 4842K, committed 4864K, reserved 1048576K
}
Event: 2.027 GC heap after
{Heap after GC invocations=6 (full 0):
 garbage-first heap   total 260096K, used 12436K [0x00000000e0000000, 0x0000000100000000)
  region size 1024K, 5 young (5120K), 5 survivors (5120K)
 Metaspace       used 34604K, capacity 35546K, committed 35584K, reserved 1079296K
  class space    used 4468K, capacity 4842K, committed 4864K, reserved 1048576K
}

